<?xml version="1.0" encoding="UTF-8"?>
<!-- Generated by org.testng.reporters.JUnitXMLReporter -->
<testsuite ignored="0" hostname="DESKTOP-653N01I" failures="2" tests="6" name="Surefire test" time="81.21" errors="0" timestamp="2022-02-28T12:01:33 IST">
  <testcase classname="tests.LoginTest" name="loginWithValidCredentials" time="1.424"/>
  <testcase classname="tests.LoginTest" name="loginWithValidUsernameAndInvalidPassword" time="1.475">
    <failure type="java.lang.AssertionError" message="expected [true] but found [false]">
      <![CDATA[java.lang.AssertionError: expected [true] but found [false]
at tests.LoginTest.loginWithValidUsernameAndInvalidPassword(LoginTest.java:68)
at java.base/java.util.ArrayList.forEach(ArrayList.java:1511)
... Removed 36 stack frames]]>
    </failure>
  </testcase> <!-- loginWithValidUsernameAndInvalidPassword -->
  <testcase classname="tests.LoginTest" name="loginWithInvalidUsernameAndValidPassword" time="1.157">
    <failure type="java.lang.AssertionError" message="expected [true] but found [false]">
      <![CDATA[java.lang.AssertionError: expected [true] but found [false]
at tests.LoginTest.loginWithInvalidUsernameAndValidPassword(LoginTest.java:84)
at java.base/java.util.ArrayList.forEach(ArrayList.java:1511)
... Removed 36 stack frames]]>
    </failure>
  </testcase> <!-- loginWithInvalidUsernameAndValidPassword -->
  <testcase classname="tests.RegisterTest" name="registerAccountWithMandatoryFields" time="8.321"/>
  <testcase classname="tests.RegisterTest" name="registerAccountWithAllFields" time="4.384"/>
  <testcase classname="tests.RegisterTest" name="registerDuplicateAccount" time="2.268"/>
</testsuite> <!-- Surefire test -->
