<?xml version="1.0" encoding="UTF-8"?>
<!-- Generated by org.testng.reporters.JUnitXMLReporter -->
<testsuite ignored="0" hostname="DESKTOP-653N01I" failures="0" tests="3" name="Default test" time="20.295" errors="0" timestamp="2022-02-25T12:29:59 IST">
  <testcase classname="tests.Login" name="loginWithInvalidUsernameAndValidPassword" time="1.432"/>
  <testcase classname="tests.Login" name="loginWithValidCredentials" time="1.52"/>
  <testcase classname="tests.Login" name="loginWithValidUsernameAndInvalidPassword" time="1.505"/>
</testsuite> <!-- Default test -->
