<?xml version="1.0" encoding="UTF-8"?>
<!-- Generated by org.testng.reporters.JUnitXMLReporter -->
<testsuite ignored="0" hostname="DESKTOP-653N01I" failures="2" tests="6" name="Test" time="33.188" errors="0" timestamp="2022-02-28T10:13:39 IST">
  <testcase classname="tests.Login" name="loginWithValidCredentials" time="1.207"/>
  <testcase classname="tests.Login" name="loginWithValidUsernameAndInvalidPassword" time="1.103">
    <failure type="java.lang.AssertionError" message="expected [true] but found [false]">
      <![CDATA[java.lang.AssertionError: expected [true] but found [false]
at tests.Login.loginWithValidUsernameAndInvalidPassword(Login.java:68)
at java.base/java.util.ArrayList.forEach(ArrayList.java:1511)
... Removed 31 stack frames]]>
    </failure>
  </testcase> <!-- loginWithValidUsernameAndInvalidPassword -->
  <testcase classname="tests.Login" name="loginWithInvalidUsernameAndValidPassword" time="1.225">
    <failure type="java.lang.AssertionError" message="expected [true] but found [false]">
      <![CDATA[java.lang.AssertionError: expected [true] but found [false]
at tests.Login.loginWithInvalidUsernameAndValidPassword(Login.java:84)
at java.base/java.util.ArrayList.forEach(ArrayList.java:1511)
... Removed 31 stack frames]]>
    </failure>
  </testcase> <!-- loginWithInvalidUsernameAndValidPassword -->
  <testcase classname="tests.Register" name="registerAccountWithMandatoryFields" time="2.01"/>
  <testcase classname="tests.Register" name="registerAccountWithAllFields" time="2.012"/>
  <testcase classname="tests.Register" name="registerDuplicateAccount" time="2.036"/>
</testsuite> <!-- Test -->
