-------------------------------------------------------------------------------
Test set: TestSuite
-------------------------------------------------------------------------------
Tests run: 3, Failures: 2, Errors: 0, Skipped: 0, Time elapsed: 45.848 s <<< FAILURE! - in TestSuite
tests.LoginTest.loginWithValidUsernameAndInvalidPassword  Time elapsed: 1.513 s  <<< FAILURE!
java.lang.AssertionError: expected [true] but found [false]
	at tests.LoginTest.loginWithValidUsernameAndInvalidPassword(LoginTest.java:68)

tests.LoginTest.loginWithInvalidUsernameAndValidPassword  Time elapsed: 1.257 s  <<< FAILURE!
java.lang.AssertionError: expected [true] but found [false]
	at tests.LoginTest.loginWithInvalidUsernameAndValidPassword(LoginTest.java:84)

